TN:
SF:src/runner.js
FN:2,_regeneratorRuntime
FN:3,run
FN:3,_run
FN:3,_callee
FN:3,_callee$
FNF:5
FNH:5
FNDA:1,_regeneratorRuntime
FNDA:1,run
FNDA:1,_run
FNDA:1,_callee
FNDA:1,_callee$
DA:1,1
DA:2,1
DA:3,1
DA:4,1
DA:5,1
DA:6,1
DA:7,1
DA:8,1
DA:9,1
DA:10,1
DA:11,1
LF:11
LH:11
BRDA:2,0,0,1
BRDA:3,1,0,1
BRDA:3,2,0,1
BRDA:3,3,0,1
BRDA:3,4,0,1
BRF:5
BRH:5
end_of_record
TN:
SF:src/service.js
FN:5,Service
FN:10,createHero
FN:19,listHeroes
FNF:3
FNH:3
FNDA:1,Service
FNDA:1,createHero
FNDA:1,listHeroes
DA:1,1
DA:2,1
DA:3,1
DA:4,1
DA:5,1
DA:6,1
DA:7,1
DA:8,1
DA:9,1
DA:10,1
DA:11,1
DA:12,1
DA:13,1
DA:14,1
DA:15,1
DA:16,1
DA:17,1
DA:18,1
DA:19,1
DA:20,1
DA:21,1
DA:22,1
LF:22
LH:22
BRDA:3,0,0,1
BRDA:5,1,0,1
BRDA:10,2,0,1
BRDA:19,3,0,1
BRF:4
BRH:4
end_of_record
